[    3333ms] [INFO] %cDownload the React DevTools for a better development experience: https://react.dev/link/react-devtools font-weight:bold @ http://localhost:3001/_next/static/chunks/74ef4_next_dist_d11dbc38._.js:2287
[    3403ms] [LOG] [HMR] connected @ http://localhost:3001/_next/static/chunks/74ef4_next_dist_d11dbc38._.js:2287
[    3521ms] [LOG] [Fast Refresh] rebuilding @ http://localhost:3001/_next/static/chunks/74ef4_next_dist_d11dbc38._.js:2287
[    3591ms] [LOG] [Fast Refresh] done in 170ms @ http://localhost:3001/_next/static/chunks/74ef4_next_dist_d11dbc38._.js:2287
[    3842ms] [LOG] %c[Vercel Web Analytics]%c Debug mode is enabled by default in development. No requests will be sent to the server. color: rgb(120, 120, 120) color: inherit @ http://localhost:3001/_next/static/chunks/74ef4_next_dist_d11dbc38._.js:2287
[    3842ms] [LOG] %c[Vercel Web Analytics]%c Running queued event color: rgb(120, 120, 120) color: inherit pageview {route: /dev, path: /dev} @ http://localhost:3001/_next/static/chunks/74ef4_next_dist_d11dbc38._.js:2287
[    3843ms] [LOG] %c[Vercel Web Analytics]%c [view] http://localhost:3001/dev color: rgb(120, 120, 120) color: inherit {o: http://localhost:3001/dev, sv: 0.1.3, sdkn: @vercel/analytics/next, sdkv: 1.5.0, ts: 1782186829901} /_vercel/insights/view @ http://localhost:3001/_next/static/chunks/74ef4_next_dist_d11dbc38._.js:2287
[    3907ms] [LOG] [Fast Refresh] rebuilding @ http://localhost:3001/_next/static/chunks/74ef4_next_dist_d11dbc38._.js:2287
[    4233ms] [LOG] [Fast Refresh] done in 428ms @ http://localhost:3001/_next/static/chunks/74ef4_next_dist_d11dbc38._.js:2287
[  167122ms] [LOG] [Fast Refresh] rebuilding @ http://localhost:3001/_next/static/chunks/74ef4_next_dist_d11dbc38._.js:2287
[  167182ms] [LOG] [Fast Refresh] done in 161ms @ http://localhost:3001/_next/static/chunks/74ef4_next_dist_d11dbc38._.js:2287
[  188478ms] [ERROR] WebSocket connection to 'ws://localhost:3001/_next/webpack-hmr?id=tgYxZYtLYSHTnK3SKwQrD' failed: Error in connection establishment: net::ERR_CONNECTION_REFUSED @ http://localhost:3001/_next/static/chunks/74ef4_next_dist_client_e74294b1._.js:10116
[  189484ms] [ERROR] WebSocket connection to 'ws://localhost:3001/_next/webpack-hmr?id=tgYxZYtLYSHTnK3SKwQrD' failed: Error in connection establishment: net::ERR_CONNECTION_REFUSED @ http://localhost:3001/_next/static/chunks/74ef4_next_dist_client_e74294b1._.js:10116
[  190486ms] [ERROR] WebSocket connection to 'ws://localhost:3001/_next/webpack-hmr?id=tgYxZYtLYSHTnK3SKwQrD' failed: Error in connection establishment: net::ERR_CONNECTION_REFUSED @ http://localhost:3001/_next/static/chunks/74ef4_next_dist_client_e74294b1._.js:10116
[  191490ms] [ERROR] WebSocket connection to 'ws://localhost:3001/_next/webpack-hmr?id=tgYxZYtLYSHTnK3SKwQrD' failed: Error in connection establishment: net::ERR_CONNECTION_REFUSED @ http://localhost:3001/_next/static/chunks/74ef4_next_dist_client_e74294b1._.js:10116
[  192497ms] [ERROR] WebSocket connection to 'ws://localhost:3001/_next/webpack-hmr?id=tgYxZYtLYSHTnK3SKwQrD' failed: Error in connection establishment: net::ERR_CONNECTION_REFUSED @ http://localhost:3001/_next/static/chunks/74ef4_next_dist_client_e74294b1._.js:10116
[  197501ms] [ERROR] WebSocket connection to 'ws://localhost:3001/_next/webpack-hmr?id=tgYxZYtLYSHTnK3SKwQrD' failed: Error in connection establishment: net::ERR_CONNECTION_REFUSED @ http://localhost:3001/_next/static/chunks/74ef4_next_dist_client_e74294b1._.js:10116
[  202515ms] [ERROR] WebSocket connection to 'ws://localhost:3001/_next/webpack-hmr?id=tgYxZYtLYSHTnK3SKwQrD' failed: Error in connection establishment: net::ERR_CONNECTION_REFUSED @ http://localhost:3001/_next/static/chunks/74ef4_next_dist_client_e74294b1._.js:10116
[  207536ms] [ERROR] WebSocket connection to 'ws://localhost:3001/_next/webpack-hmr?id=tgYxZYtLYSHTnK3SKwQrD' failed: Error in connection establishment: net::ERR_CONNECTION_REFUSED @ http://localhost:3001/_next/static/chunks/74ef4_next_dist_client_e74294b1._.js:10116
[  212554ms] [ERROR] WebSocket connection to 'ws://localhost:3001/_next/webpack-hmr?id=tgYxZYtLYSHTnK3SKwQrD' failed: Error in connection establishment: net::ERR_CONNECTION_REFUSED @ http://localhost:3001/_next/static/chunks/74ef4_next_dist_client_e74294b1._.js:10116
[  217616ms] [ERROR] WebSocket connection to 'ws://localhost:3001/_next/webpack-hmr?id=tgYxZYtLYSHTnK3SKwQrD' failed: Error in connection establishment: net::ERR_CONNECTION_REFUSED @ http://localhost:3001/_next/static/chunks/74ef4_next_dist_client_e74294b1._.js:10116
[  222721ms] [ERROR] WebSocket connection to 'ws://localhost:3001/_next/webpack-hmr?id=tgYxZYtLYSHTnK3SKwQrD' failed: Error in connection establishment: net::ERR_CONNECTION_REFUSED @ http://localhost:3001/_next/static/chunks/74ef4_next_dist_client_e74294b1._.js:10116
[  227995ms] [ERROR] WebSocket connection to 'ws://localhost:3001/_next/webpack-hmr?id=tgYxZYtLYSHTnK3SKwQrD' failed: Error in connection establishment: net::ERR_CONNECTION_REFUSED @ http://localhost:3001/_next/static/chunks/74ef4_next_dist_client_e74294b1._.js:10116
[  495913ms] [INFO] %cDownload the React DevTools for a better development experience: https://react.dev/link/react-devtools font-weight:bold @ http://localhost:3001/_next/static/chunks/74ef4_next_dist_d11dbc38._.js:2287
[  495970ms] [LOG] [HMR] connected @ http://localhost:3001/_next/static/chunks/74ef4_next_dist_d11dbc38._.js:2287
[  496090ms] [LOG] [Fast Refresh] rebuilding @ http://localhost:3001/_next/static/chunks/74ef4_next_dist_d11dbc38._.js:2287
[  496094ms] [LOG] [Fast Refresh] done in 105ms @ http://localhost:3001/_next/static/chunks/74ef4_next_dist_d11dbc38._.js:2287
[  496388ms] [LOG] %c[Vercel Web Analytics]%c Debug mode is enabled by default in development. No requests will be sent to the server. color: rgb(120, 120, 120) color: inherit @ http://localhost:3001/_next/static/chunks/74ef4_next_dist_d11dbc38._.js:2287
[  496388ms] [LOG] %c[Vercel Web Analytics]%c Running queued event color: rgb(120, 120, 120) color: inherit pageview {route: /dev, path: /dev} @ http://localhost:3001/_next/static/chunks/74ef4_next_dist_d11dbc38._.js:2287
[  496388ms] [LOG] %c[Vercel Web Analytics]%c [view] http://localhost:3001/dev color: rgb(120, 120, 120) color: inherit {o: http://localhost:3001/dev, sv: 0.1.3, sdkn: @vercel/analytics/next, sdkv: 1.5.0, ts: 1782187322447} /_vercel/insights/view @ http://localhost:3001/_next/static/chunks/74ef4_next_dist_d11dbc38._.js:2287
[  496462ms] [LOG] [Fast Refresh] rebuilding @ http://localhost:3001/_next/static/chunks/74ef4_next_dist_d11dbc38._.js:2287
[  496712ms] [LOG] [Fast Refresh] done in 350ms @ http://localhost:3001/_next/static/chunks/74ef4_next_dist_d11dbc38._.js:2287
[  550267ms] [LOG] [Fast Refresh] rebuilding @ http://localhost:3001/_next/static/chunks/74ef4_next_dist_d11dbc38._.js:2287
[  550331ms] [LOG] [Fast Refresh] done in 165ms @ http://localhost:3001/_next/static/chunks/74ef4_next_dist_d11dbc38._.js:2287
[  602734ms] [ERROR] WebSocket connection to 'ws://localhost:3001/_next/webpack-hmr?id=NEqdremvZswnwQ3QeCDBS' failed: Error in connection establishment: net::ERR_CONNECTION_REFUSED @ http://localhost:3001/_next/static/chunks/74ef4_next_dist_client_e74294b1._.js:10116
[  603736ms] [ERROR] WebSocket connection to 'ws://localhost:3001/_next/webpack-hmr?id=NEqdremvZswnwQ3QeCDBS' failed: Error in connection establishment: net::ERR_CONNECTION_REFUSED @ http://localhost:3001/_next/static/chunks/74ef4_next_dist_client_e74294b1._.js:10116
[  604739ms] [ERROR] WebSocket connection to 'ws://localhost:3001/_next/webpack-hmr?id=NEqdremvZswnwQ3QeCDBS' failed: Error in connection establishment: net::ERR_CONNECTION_REFUSED @ http://localhost:3001/_next/static/chunks/74ef4_next_dist_client_e74294b1._.js:10116
[  605742ms] [ERROR] WebSocket connection to 'ws://localhost:3001/_next/webpack-hmr?id=NEqdremvZswnwQ3QeCDBS' failed: Error in connection establishment: net::ERR_CONNECTION_REFUSED @ http://localhost:3001/_next/static/chunks/74ef4_next_dist_client_e74294b1._.js:10116
[  606752ms] [ERROR] WebSocket connection to 'ws://localhost:3001/_next/webpack-hmr?id=NEqdremvZswnwQ3QeCDBS' failed: Error in connection establishment: net::ERR_CONNECTION_REFUSED @ http://localhost:3001/_next/static/chunks/74ef4_next_dist_client_e74294b1._.js:10116
[  611757ms] [ERROR] WebSocket connection to 'ws://localhost:3001/_next/webpack-hmr?id=NEqdremvZswnwQ3QeCDBS' failed: Error in connection establishment: net::ERR_CONNECTION_REFUSED @ http://localhost:3001/_next/static/chunks/74ef4_next_dist_client_e74294b1._.js:10116
[  616765ms] [ERROR] WebSocket connection to 'ws://localhost:3001/_next/webpack-hmr?id=NEqdremvZswnwQ3QeCDBS' failed: Error in connection establishment: net::ERR_CONNECTION_REFUSED @ http://localhost:3001/_next/static/chunks/74ef4_next_dist_client_e74294b1._.js:10116
[  621773ms] [ERROR] WebSocket connection to 'ws://localhost:3001/_next/webpack-hmr?id=NEqdremvZswnwQ3QeCDBS' failed: Error in connection establishment: net::ERR_CONNECTION_REFUSED @ http://localhost:3001/_next/static/chunks/74ef4_next_dist_client_e74294b1._.js:10116
[  626792ms] [ERROR] WebSocket connection to 'ws://localhost:3001/_next/webpack-hmr?id=NEqdremvZswnwQ3QeCDBS' failed: Error in connection establishment: net::ERR_CONNECTION_REFUSED @ http://localhost:3001/_next/static/chunks/74ef4_next_dist_client_e74294b1._.js:10116
[  631823ms] [ERROR] WebSocket connection to 'ws://localhost:3001/_next/webpack-hmr?id=NEqdremvZswnwQ3QeCDBS' failed: Error in connection establishment: net::ERR_CONNECTION_REFUSED @ http://localhost:3001/_next/static/chunks/74ef4_next_dist_client_e74294b1._.js:10116
[  636903ms] [ERROR] WebSocket connection to 'ws://localhost:3001/_next/webpack-hmr?id=NEqdremvZswnwQ3QeCDBS' failed: Error in connection establishment: net::ERR_CONNECTION_REFUSED @ http://localhost:3001/_next/static/chunks/74ef4_next_dist_client_e74294b1._.js:10116
[  642203ms] [ERROR] WebSocket connection to 'ws://localhost:3001/_next/webpack-hmr?id=NEqdremvZswnwQ3QeCDBS' failed: Error in connection establishment: net::ERR_CONNECTION_REFUSED @ http://localhost:3001/_next/static/chunks/74ef4_next_dist_client_e74294b1._.js:10116
