[     136ms] [LOG] [Fast Refresh] rebuilding @ http://localhost:3001/_next/static/chunks/74ef4_next_dist_d11dbc38._.js:2287
[     774ms] [LOG] [Fast Refresh] done in 740ms @ http://localhost:3001/_next/static/chunks/74ef4_next_dist_d11dbc38._.js:2287
[     967ms] [INFO] %cDownload the React DevTools for a better development experience: https://react.dev/link/react-devtools font-weight:bold @ http://localhost:3001/_next/static/chunks/74ef4_next_dist_d11dbc38._.js:2287
[    1055ms] [LOG] [HMR] connected @ http://localhost:3001/_next/static/chunks/74ef4_next_dist_d11dbc38._.js:2287
[    1557ms] [LOG] [Fast Refresh] rebuilding @ http://localhost:3001/_next/static/chunks/74ef4_next_dist_d11dbc38._.js:2287
[    1727ms] [LOG] [Fast Refresh] done in 271ms @ http://localhost:3001/_next/static/chunks/74ef4_next_dist_d11dbc38._.js:2287
[    2487ms] [LOG] %c[Vercel Web Analytics]%c Debug mode is enabled by default in development. No requests will be sent to the server. color: rgb(120, 120, 120) color: inherit @ http://localhost:3001/_next/static/chunks/74ef4_next_dist_d11dbc38._.js:2287
[    2487ms] [LOG] %c[Vercel Web Analytics]%c Running queued event color: rgb(120, 120, 120) color: inherit pageview {route: /dev, path: /dev} @ http://localhost:3001/_next/static/chunks/74ef4_next_dist_d11dbc38._.js:2287
[    2487ms] [LOG] %c[Vercel Web Analytics]%c [view] http://localhost:3001/dev color: rgb(120, 120, 120) color: inherit {o: http://localhost:3001/dev, sv: 0.1.3, sdkn: @vercel/analytics/next, sdkv: 1.5.0, ts: 1782185851137} /_vercel/insights/view @ http://localhost:3001/_next/static/chunks/74ef4_next_dist_d11dbc38._.js:2287
[    2613ms] [LOG] [Fast Refresh] rebuilding @ http://localhost:3001/_next/static/chunks/74ef4_next_dist_d11dbc38._.js:2287
[    2953ms] [LOG] [Fast Refresh] done in 440ms @ http://localhost:3001/_next/static/chunks/74ef4_next_dist_d11dbc38._.js:2287
[  142722ms] [ERROR] WebSocket connection to 'ws://localhost:3001/_next/webpack-hmr?id=SZtrf9lgJVev6xjOj6ovP' failed: Error in connection establishment: net::ERR_CONNECTION_REFUSED @ http://localhost:3001/_next/static/chunks/74ef4_next_dist_client_e74294b1._.js:10116
[  143727ms] [ERROR] WebSocket connection to 'ws://localhost:3001/_next/webpack-hmr?id=SZtrf9lgJVev6xjOj6ovP' failed: Error in connection establishment: net::ERR_CONNECTION_REFUSED @ http://localhost:3001/_next/static/chunks/74ef4_next_dist_client_e74294b1._.js:10116
[  144729ms] [ERROR] WebSocket connection to 'ws://localhost:3001/_next/webpack-hmr?id=SZtrf9lgJVev6xjOj6ovP' failed: Error in connection establishment: net::ERR_CONNECTION_REFUSED @ http://localhost:3001/_next/static/chunks/74ef4_next_dist_client_e74294b1._.js:10116
[  145731ms] [ERROR] WebSocket connection to 'ws://localhost:3001/_next/webpack-hmr?id=SZtrf9lgJVev6xjOj6ovP' failed: Error in connection establishment: net::ERR_CONNECTION_REFUSED @ http://localhost:3001/_next/static/chunks/74ef4_next_dist_client_e74294b1._.js:10116
[  146735ms] [ERROR] WebSocket connection to 'ws://localhost:3001/_next/webpack-hmr?id=SZtrf9lgJVev6xjOj6ovP' failed: Error in connection establishment: net::ERR_CONNECTION_REFUSED @ http://localhost:3001/_next/static/chunks/74ef4_next_dist_client_e74294b1._.js:10116
[  151741ms] [ERROR] WebSocket connection to 'ws://localhost:3001/_next/webpack-hmr?id=SZtrf9lgJVev6xjOj6ovP' failed: Error in connection establishment: net::ERR_CONNECTION_REFUSED @ http://localhost:3001/_next/static/chunks/74ef4_next_dist_client_e74294b1._.js:10116
[  156748ms] [ERROR] WebSocket connection to 'ws://localhost:3001/_next/webpack-hmr?id=SZtrf9lgJVev6xjOj6ovP' failed: Error in connection establishment: net::ERR_CONNECTION_REFUSED @ http://localhost:3001/_next/static/chunks/74ef4_next_dist_client_e74294b1._.js:10116
[  161756ms] [ERROR] WebSocket connection to 'ws://localhost:3001/_next/webpack-hmr?id=SZtrf9lgJVev6xjOj6ovP' failed: Error in connection establishment: net::ERR_CONNECTION_REFUSED @ http://localhost:3001/_next/static/chunks/74ef4_next_dist_client_e74294b1._.js:10116
[  166771ms] [ERROR] WebSocket connection to 'ws://localhost:3001/_next/webpack-hmr?id=SZtrf9lgJVev6xjOj6ovP' failed: Error in connection establishment: net::ERR_CONNECTION_REFUSED @ http://localhost:3001/_next/static/chunks/74ef4_next_dist_client_e74294b1._.js:10116
[  171800ms] [ERROR] WebSocket connection to 'ws://localhost:3001/_next/webpack-hmr?id=SZtrf9lgJVev6xjOj6ovP' failed: Error in connection establishment: net::ERR_CONNECTION_REFUSED @ http://localhost:3001/_next/static/chunks/74ef4_next_dist_client_e74294b1._.js:10116
[  176934ms] [ERROR] WebSocket connection to 'ws://localhost:3001/_next/webpack-hmr?id=SZtrf9lgJVev6xjOj6ovP' failed: Error in connection establishment: net::ERR_CONNECTION_REFUSED @ http://localhost:3001/_next/static/chunks/74ef4_next_dist_client_e74294b1._.js:10116
[  182063ms] [ERROR] WebSocket connection to 'ws://localhost:3001/_next/webpack-hmr?id=SZtrf9lgJVev6xjOj6ovP' failed: Error in connection establishment: net::ERR_CONNECTION_REFUSED @ http://localhost:3001/_next/static/chunks/74ef4_next_dist_client_e74294b1._.js:10116
